<?xml version="1.0" encoding="UTF-8"?>
<!-- Generated by org.testng.reporters.JUnitReportReporter -->
<testsuite skipped="0" hostname="Bidisha" name="com.TCS.testCase.amazonSelect" tests="1" failures="0" timestamp="01 Nov 2019 05:38:34 GMT" time="35.587" errors="0">
  <testcase name="amazonSelect" time="35.587" classname="com.TCS.testCase.amazonSelect"/>
</testsuite> <!-- com.TCS.testCase.amazonSelect -->
