<?xml version="1.0" encoding="UTF-8"?>
<!-- Generated by org.testng.reporters.JUnitReportReporter -->
<testsuite skipped="0" hostname="Bidisha" name="com.TCS.testCase.searchInGoogle" tests="1" failures="0" timestamp="09 Aug 2019 04:03:08 GMT" time="2.018" errors="0">
  <testcase name="searchGoogle" time="2.018" classname="com.TCS.testCase.searchInGoogle"/>
</testsuite> <!-- com.TCS.testCase.searchInGoogle -->
