<?xml version="1.0" encoding="UTF-8"?>
<!-- Generated by org.testng.reporters.JUnitReportReporter -->
<testsuite skipped="0" hostname="Bidisha" name="com.TCS.testCase.searchInGoogle" tests="1" failures="0" timestamp="09 Aug 2019 05:25:43 GMT" time="11.477" errors="0">
  <testcase name="searchGoogle" time="11.477" classname="com.TCS.testCase.searchInGoogle"/>
</testsuite> <!-- com.TCS.testCase.searchInGoogle -->
