<?xml version="1.0" encoding="UTF-8"?>
<!-- Generated by org.testng.reporters.JUnitReportReporter -->
<testsuite skipped="0" hostname="Bidisha" name="com.TCS.testCase.amazonSelect" tests="1" failures="0" timestamp="02 Nov 2019 06:06:32 GMT" time="43.995" errors="0">
  <testcase name="amazonSelected" time="43.995" classname="com.TCS.testCase.amazonSelect"/>
</testsuite> <!-- com.TCS.testCase.amazonSelect -->
