<?xml version="1.0" encoding="UTF-8"?>
<!-- Generated by org.testng.reporters.JUnitReportReporter -->
<testsuite skipped="0" hostname="Bidisha" name="com.TCS.testCase.facebookReg" tests="1" failures="0" timestamp="04 Sep 2019 05:33:55 GMT" time="15.934" errors="0">
  <testcase name="fbReg" time="15.934" classname="com.TCS.testCase.facebookReg"/>
</testsuite> <!-- com.TCS.testCase.facebookReg -->
