<?xml version="1.0" encoding="UTF-8"?>
<!-- Generated by org.testng.reporters.JUnitReportReporter -->
<testsuite skipped="0" hostname="Bidisha" name="com.TCS.testCase.facebookReg" tests="1" failures="0" timestamp="18 Aug 2019 17:36:42 GMT" time="12.376" errors="0">
  <testcase name="fbReg" time="12.376" classname="com.TCS.testCase.facebookReg"/>
</testsuite> <!-- com.TCS.testCase.facebookReg -->
