<?xml version="1.0" encoding="UTF-8"?>
<!-- Generated by org.testng.reporters.JUnitReportReporter -->
<testsuite skipped="0" hostname="Bidisha" name="com.TCS.testCase.facebookReg" tests="1" failures="0" timestamp="07 Sep 2019 20:06:23 GMT" time="16.518" errors="0">
  <testcase name="fbReg" time="16.518" classname="com.TCS.testCase.facebookReg"/>
</testsuite> <!-- com.TCS.testCase.facebookReg -->
